<?xml version="1.0" encoding="UTF-8"?>
<!-- Generated by org.testng.reporters.JUnitReportReporter -->
<testsuite hostname="DESKTOP-74LP6P5" failures="0" tests="1" name="com.mystore.testcases.IndexPageTest" time="10.137" errors="0" timestamp="2022-01-05T12:10:13 IST" skipped="0">
  <testcase classname="com.mystore.testcases.IndexPageTest" name="verifyLogo" time="10.137"/>
  <system-out/>
</testsuite> <!-- com.mystore.testcases.IndexPageTest -->
