<?xml version="1.0" encoding="UTF-8"?>
<!-- Generated by org.testng.reporters.JUnitReportReporter -->
<testsuite hostname="DESKTOP-74LP6P5" failures="0" tests="1" name="com.mystore.testcases.SearchResultPageTest" time="36.301" errors="0" timestamp="2022-01-06T11:48:01 IST" skipped="0">
  <testcase classname="com.mystore.testcases.SearchResultPageTest" name="productAvailabilityTest" time="36.301"/>
  <system-out/>
</testsuite> <!-- com.mystore.testcases.SearchResultPageTest -->
