<?xml version="1.0" encoding="UTF-8"?>
<!-- Generated by org.testng.reporters.JUnitReportReporter -->
<testsuite hostname="DESKTOP-74LP6P5" failures="0" tests="1" name="com.mystore.testcases.AddToCartPageTest" time="20.522" errors="0" timestamp="2022-01-06T11:50:14 IST" skipped="0">
  <testcase classname="com.mystore.testcases.AddToCartPageTest" name="addToCartTest" time="20.522"/>
  <system-out/>
</testsuite> <!-- com.mystore.testcases.AddToCartPageTest -->
